 
****************************************
check_design summary:
Version:     R-2020.09-SP5
Date:        Fri Nov 19 21:41:39 2021
****************************************

                   Name                                            Total
--------------------------------------------------------------------------------
Cells                                                             161
    Cells do not drive (LINT-1)                                   141
    Connected to power or ground (LINT-32)                         16
    Nets connected to multiple pins on same cell (LINT-33)          4

Nets                                                               68
    Unloaded nets (LINT-2)                                         68
--------------------------------------------------------------------------------

Warning: In design 'qr_decode', cell 'B_335' does not drive any nets. (LINT-1)
Warning: In design 'qr_decode', cell 'B_336' does not drive any nets. (LINT-1)
Warning: In design 'qr_decode', cell 'B_337' does not drive any nets. (LINT-1)
Warning: In design 'qr_decode', cell 'C14417' does not drive any nets. (LINT-1)
Warning: In design 'qr_decode', cell 'C14450' does not drive any nets. (LINT-1)
Warning: In design 'qr_decode', cell 'C14451' does not drive any nets. (LINT-1)
Warning: In design 'qr_decode', cell 'C14485' does not drive any nets. (LINT-1)
Warning: In design 'qr_decode', cell 'C14486' does not drive any nets. (LINT-1)
Warning: In design 'qr_decode', cell 'C14520' does not drive any nets. (LINT-1)
Warning: In design 'qr_decode', cell 'C14521' does not drive any nets. (LINT-1)
Warning: In design 'qr_decode', cell 'C14553' does not drive any nets. (LINT-1)
Warning: In design 'qr_decode', cell 'C14554' does not drive any nets. (LINT-1)
Warning: In design 'qr_decode', cell 'B_341' does not drive any nets. (LINT-1)
Warning: In design 'qr_decode', cell 'B_342' does not drive any nets. (LINT-1)
Warning: In design 'qr_decode', cell 'C22070' does not drive any nets. (LINT-1)
Warning: In design 'qr_decode', cell 'C22071' does not drive any nets. (LINT-1)
Warning: In design 'qr_decode', cell 'C22076' does not drive any nets. (LINT-1)
Warning: In design 'qr_decode', cell 'C22077' does not drive any nets. (LINT-1)
Warning: In design 'qr_decode', cell 'C22086' does not drive any nets. (LINT-1)
Warning: In design 'qr_decode', cell 'C22087' does not drive any nets. (LINT-1)
Warning: In design 'qr_decode', cell 'C22088' does not drive any nets. (LINT-1)
Warning: In design 'qr_decode', cell 'B_346' does not drive any nets. (LINT-1)
Warning: In design 'qr_decode', cell 'C22123' does not drive any nets. (LINT-1)
Warning: In design 'qr_decode', cell 'C22126' does not drive any nets. (LINT-1)
Warning: In design 'qr_decode', cell 'C22159' does not drive any nets. (LINT-1)
Warning: In design 'qr_decode', cell 'C22162' does not drive any nets. (LINT-1)
Warning: In design 'qr_decode', cell 'C22194' does not drive any nets. (LINT-1)
Warning: In design 'qr_decode', cell 'C22197' does not drive any nets. (LINT-1)
Warning: In design 'qr_decode', cell 'B_350' does not drive any nets. (LINT-1)
Warning: In design 'qr_decode', cell 'B_351' does not drive any nets. (LINT-1)
Warning: In design 'qr_decode', cell 'B_352' does not drive any nets. (LINT-1)
Warning: In design 'qr_decode', cell 'B_355' does not drive any nets. (LINT-1)
Warning: In design 'qr_decode', cell 'B_356' does not drive any nets. (LINT-1)
Warning: In design 'qr_decode', cell 'C22279' does not drive any nets. (LINT-1)
Warning: In design 'qr_decode', cell 'C22280' does not drive any nets. (LINT-1)
Warning: In design 'qr_decode', cell 'C22281' does not drive any nets. (LINT-1)
Warning: In design 'qr_decode', cell 'C22282' does not drive any nets. (LINT-1)
Warning: In design 'detect_rotation', cell 'B_64' does not drive any nets. (LINT-1)
Warning: In design 'detect_rotation', cell 'C2759' does not drive any nets. (LINT-1)
Warning: In design 'detect_rotation', cell 'C2764' does not drive any nets. (LINT-1)
Warning: In design 'detect_rotation', cell 'C2772' does not drive any nets. (LINT-1)
Warning: In design 'detect_rotation', cell 'C2776' does not drive any nets. (LINT-1)
Warning: In design 'detect_rotation', cell 'C2785' does not drive any nets. (LINT-1)
Warning: In design 'detect_rotation', cell 'C2789' does not drive any nets. (LINT-1)
Warning: In design 'detect_rotation', cell 'C2797' does not drive any nets. (LINT-1)
Warning: In design 'detect_rotation', cell 'C2801' does not drive any nets. (LINT-1)
Warning: In design 'detect_rotation', cell 'C2809' does not drive any nets. (LINT-1)
Warning: In design 'detect_rotation', cell 'C2813' does not drive any nets. (LINT-1)
Warning: In design 'detect_rotation', cell 'C2821' does not drive any nets. (LINT-1)
Warning: In design 'detect_rotation', cell 'C2825' does not drive any nets. (LINT-1)
Warning: In design 'detect_rotation', cell 'C2833' does not drive any nets. (LINT-1)
Warning: In design 'detect_rotation', cell 'C2837' does not drive any nets. (LINT-1)
Warning: In design 'detect_rotation', cell 'C2845' does not drive any nets. (LINT-1)
Warning: In design 'detect_rotation', cell 'C2849' does not drive any nets. (LINT-1)
Warning: In design 'detect_rotation', cell 'C2859' does not drive any nets. (LINT-1)
Warning: In design 'detect_rotation', cell 'C2860' does not drive any nets. (LINT-1)
Warning: In design 'detect_rotation', cell 'C2863' does not drive any nets. (LINT-1)
Warning: In design 'detect_rotation', cell 'C2865' does not drive any nets. (LINT-1)
Warning: In design 'detect_rotation', cell 'C2866' does not drive any nets. (LINT-1)
Warning: In design 'detect_rotation', cell 'C2877' does not drive any nets. (LINT-1)
Warning: In design 'detect_rotation', cell 'C2880' does not drive any nets. (LINT-1)
Warning: In design 'detect_rotation', cell 'C2883' does not drive any nets. (LINT-1)
Warning: In design 'detect_rotation', cell 'C2884' does not drive any nets. (LINT-1)
Warning: In design 'detect_rotation', cell 'C2887' does not drive any nets. (LINT-1)
Warning: In design 'detect_rotation', cell 'C2905' does not drive any nets. (LINT-1)
Warning: In design 'detect_rotation', cell 'C2906' does not drive any nets. (LINT-1)
Warning: In design 'detect_rotation', cell 'C2907' does not drive any nets. (LINT-1)
Warning: In design 'detect_rotation', cell 'B_77' does not drive any nets. (LINT-1)
Warning: In design 'add_gf_mydesign_2', cell 'B_1' does not drive any nets. (LINT-1)
Warning: In design 'add_gf_mydesign_2', cell 'B_2' does not drive any nets. (LINT-1)
Warning: In design 'error_position', cell 'C627' does not drive any nets. (LINT-1)
Warning: In design 'error_position', cell 'C670' does not drive any nets. (LINT-1)
Warning: In design 'error_position', cell 'C671' does not drive any nets. (LINT-1)
Warning: In design 'error_position', cell 'C675' does not drive any nets. (LINT-1)
Warning: In design 'error_position', cell 'C676' does not drive any nets. (LINT-1)
Warning: In design 'error_position', cell 'C680' does not drive any nets. (LINT-1)
Warning: In design 'error_position', cell 'C681' does not drive any nets. (LINT-1)
Warning: In design 'error_position', cell 'C682' does not drive any nets. (LINT-1)
Warning: In design 'systolic', cell 'C399' does not drive any nets. (LINT-1)
Warning: In design 'systolic', cell 'C405' does not drive any nets. (LINT-1)
Warning: In design 'systolic', cell 'C406' does not drive any nets. (LINT-1)
Warning: In design 'systolic', cell 'B_15' does not drive any nets. (LINT-1)
Warning: In design 'systolic', cell 'B_16' does not drive any nets. (LINT-1)
Warning: In design 'systolic', cell 'C424' does not drive any nets. (LINT-1)
Warning: In design 'systolic', cell 'C425' does not drive any nets. (LINT-1)
Warning: In design 'systolic', cell 'B_18' does not drive any nets. (LINT-1)
Warning: In design 'systolic', cell 'B_19' does not drive any nets. (LINT-1)
Warning: In design 'systolic', cell 'B_20' does not drive any nets. (LINT-1)
Warning: In design 'systolic', cell 'B_21' does not drive any nets. (LINT-1)
Warning: In design 'systolic', cell 'C455' does not drive any nets. (LINT-1)
Warning: In design 'systolic', cell 'C456' does not drive any nets. (LINT-1)
Warning: In design 'systolic', cell 'B_23' does not drive any nets. (LINT-1)
Warning: In design 'systolic', cell 'B_24' does not drive any nets. (LINT-1)
Warning: In design 'systolic', cell 'B_25' does not drive any nets. (LINT-1)
Warning: In design 'systolic', cell 'B_26' does not drive any nets. (LINT-1)
Warning: In design 'systolic', cell 'B_27' does not drive any nets. (LINT-1)
Warning: In design 'systolic', cell 'B_28' does not drive any nets. (LINT-1)
Warning: In design 'systolic', cell 'C498' does not drive any nets. (LINT-1)
Warning: In design 'systolic', cell 'C499' does not drive any nets. (LINT-1)
Warning: In design 'circle_mydesign_3', cell 'B_1' does not drive any nets. (LINT-1)
Warning: In design 'circle_mydesign_3', cell 'B_2' does not drive any nets. (LINT-1)
Warning: In design 'rect_mydesign_9', cell 'C60' does not drive any nets. (LINT-1)
Warning: In design 'rect_mydesign_9', cell 'B_4' does not drive any nets. (LINT-1)
Warning: In design 'rect_mydesign_9', cell 'C65' does not drive any nets. (LINT-1)
Warning: In design 'add_gf_mydesign_0', cell 'B_1' does not drive any nets. (LINT-1)
Warning: In design 'add_gf_mydesign_0', cell 'B_2' does not drive any nets. (LINT-1)
Warning: In design 'add_gf_mydesign_1', cell 'B_1' does not drive any nets. (LINT-1)
Warning: In design 'add_gf_mydesign_1', cell 'B_2' does not drive any nets. (LINT-1)
Warning: In design 'circle_mydesign_0', cell 'B_1' does not drive any nets. (LINT-1)
Warning: In design 'circle_mydesign_0', cell 'B_2' does not drive any nets. (LINT-1)
Warning: In design 'circle_mydesign_1', cell 'B_1' does not drive any nets. (LINT-1)
Warning: In design 'circle_mydesign_1', cell 'B_2' does not drive any nets. (LINT-1)
Warning: In design 'circle_mydesign_2', cell 'B_1' does not drive any nets. (LINT-1)
Warning: In design 'circle_mydesign_2', cell 'B_2' does not drive any nets. (LINT-1)
Warning: In design 'rect_mydesign_0', cell 'C60' does not drive any nets. (LINT-1)
Warning: In design 'rect_mydesign_0', cell 'B_4' does not drive any nets. (LINT-1)
Warning: In design 'rect_mydesign_0', cell 'C65' does not drive any nets. (LINT-1)
Warning: In design 'rect_mydesign_1', cell 'C60' does not drive any nets. (LINT-1)
Warning: In design 'rect_mydesign_1', cell 'B_4' does not drive any nets. (LINT-1)
Warning: In design 'rect_mydesign_1', cell 'C65' does not drive any nets. (LINT-1)
Warning: In design 'rect_mydesign_2', cell 'C60' does not drive any nets. (LINT-1)
Warning: In design 'rect_mydesign_2', cell 'B_4' does not drive any nets. (LINT-1)
Warning: In design 'rect_mydesign_2', cell 'C65' does not drive any nets. (LINT-1)
Warning: In design 'rect_mydesign_3', cell 'C60' does not drive any nets. (LINT-1)
Warning: In design 'rect_mydesign_3', cell 'B_4' does not drive any nets. (LINT-1)
Warning: In design 'rect_mydesign_3', cell 'C65' does not drive any nets. (LINT-1)
Warning: In design 'rect_mydesign_4', cell 'C60' does not drive any nets. (LINT-1)
Warning: In design 'rect_mydesign_4', cell 'B_4' does not drive any nets. (LINT-1)
Warning: In design 'rect_mydesign_4', cell 'C65' does not drive any nets. (LINT-1)
Warning: In design 'rect_mydesign_5', cell 'C60' does not drive any nets. (LINT-1)
Warning: In design 'rect_mydesign_5', cell 'B_4' does not drive any nets. (LINT-1)
Warning: In design 'rect_mydesign_5', cell 'C65' does not drive any nets. (LINT-1)
Warning: In design 'rect_mydesign_6', cell 'C60' does not drive any nets. (LINT-1)
Warning: In design 'rect_mydesign_6', cell 'B_4' does not drive any nets. (LINT-1)
Warning: In design 'rect_mydesign_6', cell 'C65' does not drive any nets. (LINT-1)
Warning: In design 'rect_mydesign_7', cell 'C60' does not drive any nets. (LINT-1)
Warning: In design 'rect_mydesign_7', cell 'B_4' does not drive any nets. (LINT-1)
Warning: In design 'rect_mydesign_7', cell 'C65' does not drive any nets. (LINT-1)
Warning: In design 'rect_mydesign_8', cell 'C60' does not drive any nets. (LINT-1)
Warning: In design 'rect_mydesign_8', cell 'B_4' does not drive any nets. (LINT-1)
Warning: In design 'rect_mydesign_8', cell 'C65' does not drive any nets. (LINT-1)
Warning: In design 'qr_decode', net 'sys1/w_p42_p51[0]' driven by pin 'sys1/p42/out[0]' has no loads. (LINT-2)
Warning: In design 'qr_decode', net 'sys1/w_p42_p51[1]' driven by pin 'sys1/p42/out[1]' has no loads. (LINT-2)
Warning: In design 'qr_decode', net 'sys1/w_p42_p51[2]' driven by pin 'sys1/p42/out[2]' has no loads. (LINT-2)
Warning: In design 'qr_decode', net 'sys1/w_p42_p51[3]' driven by pin 'sys1/p42/out[3]' has no loads. (LINT-2)
Warning: In design 'qr_decode', net 'sys1/w_p42_p51[4]' driven by pin 'sys1/p42/out[4]' has no loads. (LINT-2)
Warning: In design 'qr_decode', net 'sys1/w_p42_p51[5]' driven by pin 'sys1/p42/out[5]' has no loads. (LINT-2)
Warning: In design 'qr_decode', net 'sys1/w_p42_p51[6]' driven by pin 'sys1/p42/out[6]' has no loads. (LINT-2)
Warning: In design 'qr_decode', net 'sys1/w_p42_p51[7]' driven by pin 'sys1/p42/out[7]' has no loads. (LINT-2)
Warning: In design 'qr_decode', net 'sys1/s_p42_p43' driven by pin 'sys1/p42/out_sign' has no loads. (LINT-2)
Warning: In design 'qr_decode', net 'sys1/w_p42_p43[0]' driven by pin 'sys1/p42/out_c[0]' has no loads. (LINT-2)
Warning: In design 'qr_decode', net 'sys1/w_p42_p43[1]' driven by pin 'sys1/p42/out_c[1]' has no loads. (LINT-2)
Warning: In design 'qr_decode', net 'sys1/w_p42_p43[2]' driven by pin 'sys1/p42/out_c[2]' has no loads. (LINT-2)
Warning: In design 'qr_decode', net 'sys1/w_p42_p43[3]' driven by pin 'sys1/p42/out_c[3]' has no loads. (LINT-2)
Warning: In design 'qr_decode', net 'sys1/w_p42_p43[4]' driven by pin 'sys1/p42/out_c[4]' has no loads. (LINT-2)
Warning: In design 'qr_decode', net 'sys1/w_p42_p43[5]' driven by pin 'sys1/p42/out_c[5]' has no loads. (LINT-2)
Warning: In design 'qr_decode', net 'sys1/w_p42_p43[6]' driven by pin 'sys1/p42/out_c[6]' has no loads. (LINT-2)
Warning: In design 'qr_decode', net 'sys1/w_p42_p43[7]' driven by pin 'sys1/p42/out_c[7]' has no loads. (LINT-2)
Warning: In design 'qr_decode', net 'sys1/in_g_p33[0]' driven by pin 'sys1/p33/in_g[0]' has no loads. (LINT-2)
Warning: In design 'qr_decode', net 'sys1/in_g_p33[1]' driven by pin 'sys1/p33/in_g[1]' has no loads. (LINT-2)
Warning: In design 'qr_decode', net 'sys1/in_g_p33[2]' driven by pin 'sys1/p33/in_g[2]' has no loads. (LINT-2)
Warning: In design 'qr_decode', net 'sys1/in_g_p33[3]' driven by pin 'sys1/p33/in_g[3]' has no loads. (LINT-2)
Warning: In design 'qr_decode', net 'sys1/in_g_p33[4]' driven by pin 'sys1/p33/in_g[4]' has no loads. (LINT-2)
Warning: In design 'qr_decode', net 'sys1/in_g_p33[5]' driven by pin 'sys1/p33/in_g[5]' has no loads. (LINT-2)
Warning: In design 'qr_decode', net 'sys1/in_g_p33[6]' driven by pin 'sys1/p33/in_g[6]' has no loads. (LINT-2)
Warning: In design 'qr_decode', net 'sys1/in_g_p33[7]' driven by pin 'sys1/p33/in_g[7]' has no loads. (LINT-2)
Warning: In design 'qr_decode', net 'sys1/s_p33_p34' driven by pin 'sys1/p33/out_sign' has no loads. (LINT-2)
Warning: In design 'qr_decode', net 'sys1/w_p33_p34[0]' driven by pin 'sys1/p33/out_c[0]' has no loads. (LINT-2)
Warning: In design 'qr_decode', net 'sys1/w_p33_p34[1]' driven by pin 'sys1/p33/out_c[1]' has no loads. (LINT-2)
Warning: In design 'qr_decode', net 'sys1/w_p33_p34[2]' driven by pin 'sys1/p33/out_c[2]' has no loads. (LINT-2)
Warning: In design 'qr_decode', net 'sys1/w_p33_p34[3]' driven by pin 'sys1/p33/out_c[3]' has no loads. (LINT-2)
Warning: In design 'qr_decode', net 'sys1/w_p33_p34[4]' driven by pin 'sys1/p33/out_c[4]' has no loads. (LINT-2)
Warning: In design 'qr_decode', net 'sys1/w_p33_p34[5]' driven by pin 'sys1/p33/out_c[5]' has no loads. (LINT-2)
Warning: In design 'qr_decode', net 'sys1/w_p33_p34[6]' driven by pin 'sys1/p33/out_c[6]' has no loads. (LINT-2)
Warning: In design 'qr_decode', net 'sys1/w_p33_p34[7]' driven by pin 'sys1/p33/out_c[7]' has no loads. (LINT-2)
Warning: In design 'qr_decode', net 'sys1/in_g_p24[0]' driven by pin 'sys1/p24/in_g[0]' has no loads. (LINT-2)
Warning: In design 'qr_decode', net 'sys1/in_g_p24[1]' driven by pin 'sys1/p24/in_g[1]' has no loads. (LINT-2)
Warning: In design 'qr_decode', net 'sys1/in_g_p24[2]' driven by pin 'sys1/p24/in_g[2]' has no loads. (LINT-2)
Warning: In design 'qr_decode', net 'sys1/in_g_p24[3]' driven by pin 'sys1/p24/in_g[3]' has no loads. (LINT-2)
Warning: In design 'qr_decode', net 'sys1/in_g_p24[4]' driven by pin 'sys1/p24/in_g[4]' has no loads. (LINT-2)
Warning: In design 'qr_decode', net 'sys1/in_g_p24[5]' driven by pin 'sys1/p24/in_g[5]' has no loads. (LINT-2)
Warning: In design 'qr_decode', net 'sys1/in_g_p24[6]' driven by pin 'sys1/p24/in_g[6]' has no loads. (LINT-2)
Warning: In design 'qr_decode', net 'sys1/in_g_p24[7]' driven by pin 'sys1/p24/in_g[7]' has no loads. (LINT-2)
Warning: In design 'qr_decode', net 'sys1/s_p24_p25' driven by pin 'sys1/p24/out_sign' has no loads. (LINT-2)
Warning: In design 'qr_decode', net 'sys1/w_p24_p25[0]' driven by pin 'sys1/p24/out_c[0]' has no loads. (LINT-2)
Warning: In design 'qr_decode', net 'sys1/w_p24_p25[1]' driven by pin 'sys1/p24/out_c[1]' has no loads. (LINT-2)
Warning: In design 'qr_decode', net 'sys1/w_p24_p25[2]' driven by pin 'sys1/p24/out_c[2]' has no loads. (LINT-2)
Warning: In design 'qr_decode', net 'sys1/w_p24_p25[3]' driven by pin 'sys1/p24/out_c[3]' has no loads. (LINT-2)
Warning: In design 'qr_decode', net 'sys1/w_p24_p25[4]' driven by pin 'sys1/p24/out_c[4]' has no loads. (LINT-2)
Warning: In design 'qr_decode', net 'sys1/w_p24_p25[5]' driven by pin 'sys1/p24/out_c[5]' has no loads. (LINT-2)
Warning: In design 'qr_decode', net 'sys1/w_p24_p25[6]' driven by pin 'sys1/p24/out_c[6]' has no loads. (LINT-2)
Warning: In design 'qr_decode', net 'sys1/w_p24_p25[7]' driven by pin 'sys1/p24/out_c[7]' has no loads. (LINT-2)
Warning: In design 'qr_decode', net 'sys1/in_g_p15[0]' driven by pin 'sys1/p15/in_g[0]' has no loads. (LINT-2)
Warning: In design 'qr_decode', net 'sys1/in_g_p15[1]' driven by pin 'sys1/p15/in_g[1]' has no loads. (LINT-2)
Warning: In design 'qr_decode', net 'sys1/in_g_p15[2]' driven by pin 'sys1/p15/in_g[2]' has no loads. (LINT-2)
Warning: In design 'qr_decode', net 'sys1/in_g_p15[3]' driven by pin 'sys1/p15/in_g[3]' has no loads. (LINT-2)
Warning: In design 'qr_decode', net 'sys1/in_g_p15[4]' driven by pin 'sys1/p15/in_g[4]' has no loads. (LINT-2)
Warning: In design 'qr_decode', net 'sys1/in_g_p15[5]' driven by pin 'sys1/p15/in_g[5]' has no loads. (LINT-2)
Warning: In design 'qr_decode', net 'sys1/in_g_p15[6]' driven by pin 'sys1/p15/in_g[6]' has no loads. (LINT-2)
Warning: In design 'qr_decode', net 'sys1/in_g_p15[7]' driven by pin 'sys1/p15/in_g[7]' has no loads. (LINT-2)
Warning: In design 'qr_decode', net 'sys1/s_p15_p16' driven by pin 'sys1/p15/out_sign' has no loads. (LINT-2)
Warning: In design 'qr_decode', net 'sys1/w_p15_p16[0]' driven by pin 'sys1/p15/out_c[0]' has no loads. (LINT-2)
Warning: In design 'qr_decode', net 'sys1/w_p15_p16[1]' driven by pin 'sys1/p15/out_c[1]' has no loads. (LINT-2)
Warning: In design 'qr_decode', net 'sys1/w_p15_p16[2]' driven by pin 'sys1/p15/out_c[2]' has no loads. (LINT-2)
Warning: In design 'qr_decode', net 'sys1/w_p15_p16[3]' driven by pin 'sys1/p15/out_c[3]' has no loads. (LINT-2)
Warning: In design 'qr_decode', net 'sys1/w_p15_p16[4]' driven by pin 'sys1/p15/out_c[4]' has no loads. (LINT-2)
Warning: In design 'qr_decode', net 'sys1/w_p15_p16[5]' driven by pin 'sys1/p15/out_c[5]' has no loads. (LINT-2)
Warning: In design 'qr_decode', net 'sys1/w_p15_p16[6]' driven by pin 'sys1/p15/out_c[6]' has no loads. (LINT-2)
Warning: In design 'qr_decode', net 'sys1/w_p15_p16[7]' driven by pin 'sys1/p15/out_c[7]' has no loads. (LINT-2)
Warning: In design 'qr_decode', a pin on submodule 'ssu1' is connected to logic 1 or logic 0. (LINT-32)
   Pin 'in2[7]' is connected to logic 0. 
Warning: In design 'qr_decode', a pin on submodule 'ssu1' is connected to logic 1 or logic 0. (LINT-32)
   Pin 'in2[6]' is connected to logic 0. 
Warning: In design 'qr_decode', a pin on submodule 'ssu1' is connected to logic 1 or logic 0. (LINT-32)
   Pin 'in2[5]' is connected to logic 0. 
Warning: In design 'qr_decode', a pin on submodule 'ssu1' is connected to logic 1 or logic 0. (LINT-32)
   Pin 'in2[4]' is connected to logic 0. 
Warning: In design 'qr_decode', a pin on submodule 'ssu1' is connected to logic 1 or logic 0. (LINT-32)
   Pin 'in2[3]' is connected to logic 0. 
Warning: In design 'qr_decode', a pin on submodule 'ssu1' is connected to logic 1 or logic 0. (LINT-32)
   Pin 'in2[2]' is connected to logic 1. 
Warning: In design 'qr_decode', a pin on submodule 'ssu1' is connected to logic 1 or logic 0. (LINT-32)
   Pin 'in2[1]' is connected to logic 1. 
Warning: In design 'qr_decode', a pin on submodule 'ssu1' is connected to logic 1 or logic 0. (LINT-32)
   Pin 'in2[0]' is connected to logic 0. 
Warning: In design 'qr_decode', a pin on submodule 'ssu2' is connected to logic 1 or logic 0. (LINT-32)
   Pin 'in2[7]' is connected to logic 0. 
Warning: In design 'qr_decode', a pin on submodule 'ssu2' is connected to logic 1 or logic 0. (LINT-32)
   Pin 'in2[6]' is connected to logic 0. 
Warning: In design 'qr_decode', a pin on submodule 'ssu2' is connected to logic 1 or logic 0. (LINT-32)
   Pin 'in2[5]' is connected to logic 0. 
Warning: In design 'qr_decode', a pin on submodule 'ssu2' is connected to logic 1 or logic 0. (LINT-32)
   Pin 'in2[4]' is connected to logic 0. 
Warning: In design 'qr_decode', a pin on submodule 'ssu2' is connected to logic 1 or logic 0. (LINT-32)
   Pin 'in2[3]' is connected to logic 0. 
Warning: In design 'qr_decode', a pin on submodule 'ssu2' is connected to logic 1 or logic 0. (LINT-32)
   Pin 'in2[2]' is connected to logic 1. 
Warning: In design 'qr_decode', a pin on submodule 'ssu2' is connected to logic 1 or logic 0. (LINT-32)
   Pin 'in2[1]' is connected to logic 1. 
Warning: In design 'qr_decode', a pin on submodule 'ssu2' is connected to logic 1 or logic 0. (LINT-32)
   Pin 'in2[0]' is connected to logic 1. 
Warning: In design 'qr_decode', the same net is connected to more than one pin on submodule 'ssu1'. (LINT-33)
   Net '*Logic0*' is connected to pins 'in2[7]', 'in2[6]'', 'in2[5]', 'in2[4]', 'in2[3]', 'in2[0]'.
Warning: In design 'qr_decode', the same net is connected to more than one pin on submodule 'ssu1'. (LINT-33)
   Net '*Logic1*' is connected to pins 'in2[2]', 'in2[1]''.
Warning: In design 'qr_decode', the same net is connected to more than one pin on submodule 'ssu2'. (LINT-33)
   Net '*Logic0*' is connected to pins 'in2[7]', 'in2[6]'', 'in2[5]', 'in2[4]', 'in2[3]'.
Warning: In design 'qr_decode', the same net is connected to more than one pin on submodule 'ssu2'. (LINT-33)
   Net '*Logic1*' is connected to pins 'in2[2]', 'in2[1]'', 'in2[0]'.
1
