 
****************************************
Report : timing
        -path full
        -delay max
        -max_paths 1
Design : qr_decode
Version: R-2020.09-SP5
Date   : Fri Nov 19 21:57:38 2021
****************************************

 # A fanout number of 1000 was used for high fanout net computations.

Operating Conditions: ss0p95v125c   Library: saed32hvt_ss0p95v125c
Wire Load Model Mode: enclosed

  Startpoint: srstn (input port clocked by clk)
  Endpoint: clk_gate_offset_reg_0_/latch
            (positive level-sensitive latch clocked by clk')
  Path Group: clk
  Path Type: max

  Des/Clust/Port     Wire Load Model       Library
  ------------------------------------------------
  qr_decode          70000                 saed32hvt_ss0p95v125c

  Point                                                   Incr       Path
  --------------------------------------------------------------------------
  clock clk (rise edge)                                 0.0000     0.0000
  clock network delay (ideal)                           0.0000     0.0000
  input external delay                                  3.2000     3.2000 r
  srstn (in)                                            0.0000     3.2000 r
  U3433/Y (INVX32_HVT)                                  0.0132     3.2132 f
  U3435/Y (INVX16_HVT)                                  0.0164     3.2296 r
  U3888/Y (AND2X1_HVT)                                  0.0812     3.3108 r
  U3463/Y (INVX1_HVT)                                   0.0750     3.3858 f
  clk_gate_offset_reg_0_/EN (SNPS_CLOCK_GATE_HIGH_qr_decode_mydesign_65)
                                                        0.0000     3.3858 f
  clk_gate_offset_reg_0_/latch/D (LATCHX1_HVT)          0.0000     3.3858 f
  data arrival time                                                3.3858

  clock clk' (rise edge)                                2.0000     2.0000
  clock network delay (ideal)                           0.0000     2.0000
  clk_gate_offset_reg_0_/latch/CLK (LATCHX1_HVT)        0.0000     2.0000 r
  time borrowed from endpoint                           1.3858     3.3858
  data required time                                               3.3858
  --------------------------------------------------------------------------
  data required time                                               3.3858
  data arrival time                                               -3.3858
  --------------------------------------------------------------------------
  slack (MET)                                                      0.0000

  Time Borrowing Information
  --------------------------------------------------------------
  clk' nominal pulse width                              2.0000   
  library setup time                                   -0.1037   
  --------------------------------------------------------------
  max time borrow                                       1.8963   
  actual time borrow                                    1.3858   
  --------------------------------------------------------------


1
