 
****************************************
Report : constraint
        -all_violators
Design : qr_decode
Version: R-2020.09-SP5
Date   : Wed Nov 17 14:38:08 2021
****************************************


   max_fanout

                             Required        Actual
   Net                        Fanout         Fanout          Slack
   -----------------------------------------------------------------
   sys1/p32/n64                 1.64           1.70          -0.06  (VIOLATED)

   -----------------------------------------------------------------
   Total                      1                  -0.06  

   max_area

                             Required        Actual
   Design                      Area           Area           Slack
   -----------------------------------------------------------------
   qr_decode                    0.00       61793.80       -61793.80 (VIOLATED)


1
